[0.325s] DEBUG:colcon:Command line arguments: ['/usr/bin/colcon', 'build']
[0.325s] DEBUG:colcon:Parsed command line arguments: Namespace(allow_overriding=[], ament_cmake_args=None, base_paths=['.'], build_base='build', catkin_cmake_args=None, catkin_skip_building_tests=False, cmake_args=None, cmake_clean_cache=False, cmake_clean_first=False, cmake_force_configure=False, cmake_target=None, cmake_target_skip_unavailable=False, continue_on_error=False, event_handlers=None, executor='parallel', ignore_user_meta=False, install_base='install', log_base=None, log_level=None, main=<bound method BuildVerb.main of <colcon_core.verb.build.BuildVerb object at 0x7f3ef693a1f0>>, merge_install=False, metas=['./colcon.meta'], packages_above=None, packages_above_and_dependencies=None, packages_above_depth=None, packages_end=None, packages_ignore=None, packages_ignore_regex=None, packages_select=None, packages_select_build_failed=False, packages_select_by_dep=None, packages_select_regex=None, packages_select_test_failures=False, packages_skip=None, packages_skip_build_finished=False, packages_skip_by_dep=None, packages_skip_regex=None, packages_skip_test_passed=False, packages_skip_up_to=None, packages_start=None, packages_up_to=None, packages_up_to_regex=None, parallel_workers=4, paths=None, symlink_install=False, test_result_base=None, verb_extension=<colcon_core.verb.build.BuildVerb object at 0x7f3ef693a1f0>, verb_name='build', verb_parser=<colcon_defaults.argument_parser.defaults.DefaultArgumentsDecorator object at 0x7f3ef693a730>)
[0.371s] Level 1:colcon.colcon_core.package_discovery:discover_packages(colcon_meta) check parameters
[0.371s] Level 1:colcon.colcon_core.package_discovery:discover_packages(recursive) check parameters
[0.371s] Level 1:colcon.colcon_core.package_discovery:discover_packages(ignore) check parameters
[0.371s] Level 1:colcon.colcon_core.package_discovery:discover_packages(path) check parameters
[0.371s] Level 1:colcon.colcon_core.package_discovery:discover_packages(colcon_meta) discover
[0.372s] Level 1:colcon.colcon_core.package_discovery:discover_packages(recursive) discover
[0.372s] INFO:colcon.colcon_core.package_discovery:Crawling recursively for packages in '/home/papag/basic_ws'
[0.372s] Level 1:colcon.colcon_core.package_identification:_identify(.) by extensions ['ignore', 'ignore_ament_install']
[0.372s] Level 1:colcon.colcon_core.package_identification:_identify(.) by extension 'ignore'
[0.372s] Level 1:colcon.colcon_core.package_identification:_identify(.) by extension 'ignore_ament_install'
[0.372s] Level 1:colcon.colcon_core.package_identification:_identify(.) by extensions ['colcon_pkg']
[0.372s] Level 1:colcon.colcon_core.package_identification:_identify(.) by extension 'colcon_pkg'
[0.372s] Level 1:colcon.colcon_core.package_identification:_identify(.) by extensions ['colcon_meta']
[0.372s] Level 1:colcon.colcon_core.package_identification:_identify(.) by extension 'colcon_meta'
[0.372s] Level 1:colcon.colcon_core.package_identification:_identify(.) by extensions ['ros']
[0.372s] Level 1:colcon.colcon_core.package_identification:_identify(.) by extension 'ros'
[0.392s] Level 1:colcon.colcon_core.package_identification:_identify(.) by extensions ['cmake', 'python']
[0.392s] Level 1:colcon.colcon_core.package_identification:_identify(.) by extension 'cmake'
[0.392s] Level 1:colcon.colcon_core.package_identification:_identify(.) by extension 'python'
[0.392s] Level 1:colcon.colcon_core.package_identification:_identify(.) by extensions ['python_setup_py']
[0.392s] Level 1:colcon.colcon_core.package_identification:_identify(.) by extension 'python_setup_py'
[0.393s] Level 1:colcon.colcon_core.package_identification:_identify(build) by extensions ['ignore', 'ignore_ament_install']
[0.393s] Level 1:colcon.colcon_core.package_identification:_identify(build) by extension 'ignore'
[0.393s] Level 1:colcon.colcon_core.package_identification:_identify(build) ignored
[0.393s] Level 1:colcon.colcon_core.package_identification:_identify(install) by extensions ['ignore', 'ignore_ament_install']
[0.393s] Level 1:colcon.colcon_core.package_identification:_identify(install) by extension 'ignore'
[0.393s] Level 1:colcon.colcon_core.package_identification:_identify(install) ignored
[0.393s] Level 1:colcon.colcon_core.package_identification:_identify(log) by extensions ['ignore', 'ignore_ament_install']
[0.393s] Level 1:colcon.colcon_core.package_identification:_identify(log) by extension 'ignore'
[0.394s] Level 1:colcon.colcon_core.package_identification:_identify(log) ignored
[0.394s] Level 1:colcon.colcon_core.package_identification:_identify(src) by extensions ['ignore', 'ignore_ament_install']
[0.394s] Level 1:colcon.colcon_core.package_identification:_identify(src) by extension 'ignore'
[0.394s] Level 1:colcon.colcon_core.package_identification:_identify(src) by extension 'ignore_ament_install'
[0.394s] Level 1:colcon.colcon_core.package_identification:_identify(src) by extensions ['colcon_pkg']
[0.394s] Level 1:colcon.colcon_core.package_identification:_identify(src) by extension 'colcon_pkg'
[0.394s] Level 1:colcon.colcon_core.package_identification:_identify(src) by extensions ['colcon_meta']
[0.394s] Level 1:colcon.colcon_core.package_identification:_identify(src) by extension 'colcon_meta'
[0.394s] Level 1:colcon.colcon_core.package_identification:_identify(src) by extensions ['ros']
[0.394s] Level 1:colcon.colcon_core.package_identification:_identify(src) by extension 'ros'
[0.394s] Level 1:colcon.colcon_core.package_identification:_identify(src) by extensions ['cmake', 'python']
[0.394s] Level 1:colcon.colcon_core.package_identification:_identify(src) by extension 'cmake'
[0.394s] Level 1:colcon.colcon_core.package_identification:_identify(src) by extension 'python'
[0.395s] Level 1:colcon.colcon_core.package_identification:_identify(src) by extensions ['python_setup_py']
[0.395s] Level 1:colcon.colcon_core.package_identification:_identify(src) by extension 'python_setup_py'
[0.395s] Level 1:colcon.colcon_core.package_identification:_identify(src/basic_mobile_robot) by extensions ['ignore', 'ignore_ament_install']
[0.395s] Level 1:colcon.colcon_core.package_identification:_identify(src/basic_mobile_robot) by extension 'ignore'
[0.395s] Level 1:colcon.colcon_core.package_identification:_identify(src/basic_mobile_robot) by extension 'ignore_ament_install'
[0.395s] Level 1:colcon.colcon_core.package_identification:_identify(src/basic_mobile_robot) by extensions ['colcon_pkg']
[0.395s] Level 1:colcon.colcon_core.package_identification:_identify(src/basic_mobile_robot) by extension 'colcon_pkg'
[0.395s] Level 1:colcon.colcon_core.package_identification:_identify(src/basic_mobile_robot) by extensions ['colcon_meta']
[0.395s] Level 1:colcon.colcon_core.package_identification:_identify(src/basic_mobile_robot) by extension 'colcon_meta'
[0.395s] Level 1:colcon.colcon_core.package_identification:_identify(src/basic_mobile_robot) by extensions ['ros']
[0.395s] Level 1:colcon.colcon_core.package_identification:_identify(src/basic_mobile_robot) by extension 'ros'
[0.400s] DEBUG:colcon.colcon_core.package_identification:Package 'src/basic_mobile_robot' with type 'ros.ament_cmake' and name 'basic_mobile_robot'
[0.400s] Level 1:colcon.colcon_core.package_discovery:discover_packages(recursive) using defaults
[0.400s] Level 1:colcon.colcon_core.package_discovery:discover_packages(ignore) discover
[0.400s] Level 1:colcon.colcon_core.package_discovery:discover_packages(ignore) using defaults
[0.400s] Level 1:colcon.colcon_core.package_discovery:discover_packages(path) discover
[0.400s] Level 1:colcon.colcon_core.package_discovery:discover_packages(path) using defaults
[0.462s] Level 1:colcon.colcon_core.package_discovery:discover_packages(prefix_path) check parameters
[0.462s] Level 1:colcon.colcon_core.package_discovery:discover_packages(prefix_path) discover
[0.473s] DEBUG:colcon.colcon_installed_package_information.package_discovery:Found 31 installed packages in /home/papag/nav2_ws/install
[0.475s] DEBUG:colcon.colcon_installed_package_information.package_discovery:Found 5 installed packages in /home/papag/dev_ws/install
[0.477s] DEBUG:colcon.colcon_installed_package_information.package_discovery:Found 1 installed packages in /home/papag/basic_ws/install
[0.479s] DEBUG:colcon.colcon_installed_package_information.package_discovery:Found 2 installed packages in /home/papag/av_ws/install
[0.483s] DEBUG:colcon.colcon_installed_package_information.package_discovery:Found 319 installed packages in /opt/ros/foxy
[0.491s] Level 1:colcon.colcon_core.package_discovery:discover_packages(prefix_path) using defaults
[0.666s] Level 5:colcon.colcon_core.verb:set package 'basic_mobile_robot' build argument 'cmake_args' from command line to 'None'
[0.666s] Level 5:colcon.colcon_core.verb:set package 'basic_mobile_robot' build argument 'cmake_target' from command line to 'None'
[0.666s] Level 5:colcon.colcon_core.verb:set package 'basic_mobile_robot' build argument 'cmake_target_skip_unavailable' from command line to 'False'
[0.666s] Level 5:colcon.colcon_core.verb:set package 'basic_mobile_robot' build argument 'cmake_clean_cache' from command line to 'False'
[0.666s] Level 5:colcon.colcon_core.verb:set package 'basic_mobile_robot' build argument 'cmake_clean_first' from command line to 'False'
[0.666s] Level 5:colcon.colcon_core.verb:set package 'basic_mobile_robot' build argument 'cmake_force_configure' from command line to 'False'
[0.666s] Level 5:colcon.colcon_core.verb:set package 'basic_mobile_robot' build argument 'ament_cmake_args' from command line to 'None'
[0.666s] Level 5:colcon.colcon_core.verb:set package 'basic_mobile_robot' build argument 'catkin_cmake_args' from command line to 'None'
[0.666s] Level 5:colcon.colcon_core.verb:set package 'basic_mobile_robot' build argument 'catkin_skip_building_tests' from command line to 'False'
[0.666s] DEBUG:colcon.colcon_core.verb:Building package 'basic_mobile_robot' with the following arguments: {'ament_cmake_args': None, 'build_base': '/home/papag/basic_ws/build/basic_mobile_robot', 'catkin_cmake_args': None, 'catkin_skip_building_tests': False, 'cmake_args': None, 'cmake_clean_cache': False, 'cmake_clean_first': False, 'cmake_force_configure': False, 'cmake_target': None, 'cmake_target_skip_unavailable': False, 'install_base': '/home/papag/basic_ws/install/basic_mobile_robot', 'merge_install': False, 'path': '/home/papag/basic_ws/src/basic_mobile_robot', 'symlink_install': False, 'test_result_base': None}
[0.668s] INFO:colcon.colcon_core.executor:Executing jobs using 'parallel' executor
[0.679s] DEBUG:colcon.colcon_parallel_executor.executor.parallel:run_until_complete
[0.680s] INFO:colcon.colcon_ros.task.ament_cmake.build:Building ROS package in '/home/papag/basic_ws/src/basic_mobile_robot' with build type 'ament_cmake'
[0.680s] INFO:colcon.colcon_cmake.task.cmake.build:Building CMake package in '/home/papag/basic_ws/src/basic_mobile_robot'
[0.689s] INFO:colcon.colcon_core.plugin_system:Skipping extension 'colcon_core.shell.bat': Not used on non-Windows systems
[0.690s] INFO:colcon.colcon_core.shell:Skip shell extension 'powershell' for command environment: Not usable outside of PowerShell
[0.690s] DEBUG:colcon.colcon_core.shell:Skip shell extension 'dsv' for command environment
[0.734s] DEBUG:colcon.colcon_core.event_handler.log_command:Invoking command in '/home/papag/basic_ws/build/basic_mobile_robot': CMAKE_PREFIX_PATH=${CMAKE_PREFIX_PATH}:/home/papag/av_ws/install/kmou_robot_spawner_pkg:/home/papag/av_ws/install/kmou_robot_controller_pkg:/home/papag/nav2_ws/install/nav2_gazebo_spawner:/home/papag/dev_ws/install/warehouse_robot_spawner_pkg:/home/papag/dev_ws/install/warehouse_robot_controller_pkg:/opt/ros/foxy /usr/bin/cmake --build /home/papag/basic_ws/build/basic_mobile_robot -- -j4 -l4
[0.825s] DEBUG:colcon.colcon_core.event_handler.log_command:Invoked command in '/home/papag/basic_ws/build/basic_mobile_robot' returned '0': CMAKE_PREFIX_PATH=${CMAKE_PREFIX_PATH}:/home/papag/av_ws/install/kmou_robot_spawner_pkg:/home/papag/av_ws/install/kmou_robot_controller_pkg:/home/papag/nav2_ws/install/nav2_gazebo_spawner:/home/papag/dev_ws/install/warehouse_robot_spawner_pkg:/home/papag/dev_ws/install/warehouse_robot_controller_pkg:/opt/ros/foxy /usr/bin/cmake --build /home/papag/basic_ws/build/basic_mobile_robot -- -j4 -l4
[0.905s] DEBUG:colcon.colcon_core.event_handler.log_command:Invoking command in '/home/papag/basic_ws/build/basic_mobile_robot': CMAKE_PREFIX_PATH=${CMAKE_PREFIX_PATH}:/home/papag/av_ws/install/kmou_robot_spawner_pkg:/home/papag/av_ws/install/kmou_robot_controller_pkg:/home/papag/nav2_ws/install/nav2_gazebo_spawner:/home/papag/dev_ws/install/warehouse_robot_spawner_pkg:/home/papag/dev_ws/install/warehouse_robot_controller_pkg:/opt/ros/foxy /usr/bin/cmake --install /home/papag/basic_ws/build/basic_mobile_robot
[0.930s] Level 1:colcon.colcon_core.environment:create_environment_scripts_only(basic_mobile_robot)
[0.942s] DEBUG:colcon.colcon_core.event_handler.log_command:Invoked command in '/home/papag/basic_ws/build/basic_mobile_robot' returned '0': CMAKE_PREFIX_PATH=${CMAKE_PREFIX_PATH}:/home/papag/av_ws/install/kmou_robot_spawner_pkg:/home/papag/av_ws/install/kmou_robot_controller_pkg:/home/papag/nav2_ws/install/nav2_gazebo_spawner:/home/papag/dev_ws/install/warehouse_robot_spawner_pkg:/home/papag/dev_ws/install/warehouse_robot_controller_pkg:/opt/ros/foxy /usr/bin/cmake --install /home/papag/basic_ws/build/basic_mobile_robot
[0.949s] Level 1:colcon.colcon_core.environment:checking '/home/papag/basic_ws/install/basic_mobile_robot' for CMake module files
[0.950s] Level 1:colcon.colcon_core.environment:checking '/home/papag/basic_ws/install/basic_mobile_robot' for CMake config files
[0.951s] Level 1:colcon.colcon_core.shell:create_environment_hook('basic_mobile_robot', 'cmake_prefix_path')
[0.955s] INFO:colcon.colcon_core.shell:Creating environment hook '/home/papag/basic_ws/install/basic_mobile_robot/share/basic_mobile_robot/hook/cmake_prefix_path.ps1'
[0.956s] INFO:colcon.colcon_core.shell:Creating environment descriptor '/home/papag/basic_ws/install/basic_mobile_robot/share/basic_mobile_robot/hook/cmake_prefix_path.dsv'
[0.957s] INFO:colcon.colcon_core.shell:Creating environment hook '/home/papag/basic_ws/install/basic_mobile_robot/share/basic_mobile_robot/hook/cmake_prefix_path.sh'
[0.959s] Level 1:colcon.colcon_core.environment:checking '/home/papag/basic_ws/install/basic_mobile_robot/bin'
[0.959s] Level 1:colcon.colcon_core.environment:checking '/home/papag/basic_ws/install/basic_mobile_robot/lib/pkgconfig/basic_mobile_robot.pc'
[0.959s] Level 1:colcon.colcon_core.environment:checking '/home/papag/basic_ws/install/basic_mobile_robot/lib/python3.8/site-packages'
[0.960s] Level 1:colcon.colcon_core.environment:checking '/home/papag/basic_ws/install/basic_mobile_robot/bin'
[0.963s] INFO:colcon.colcon_core.shell:Creating package script '/home/papag/basic_ws/install/basic_mobile_robot/share/basic_mobile_robot/package.ps1'
[0.965s] INFO:colcon.colcon_core.shell:Creating package descriptor '/home/papag/basic_ws/install/basic_mobile_robot/share/basic_mobile_robot/package.dsv'
[0.966s] INFO:colcon.colcon_core.shell:Creating package script '/home/papag/basic_ws/install/basic_mobile_robot/share/basic_mobile_robot/package.sh'
[0.968s] INFO:colcon.colcon_core.shell:Creating package script '/home/papag/basic_ws/install/basic_mobile_robot/share/basic_mobile_robot/package.bash'
[0.970s] INFO:colcon.colcon_core.shell:Creating package script '/home/papag/basic_ws/install/basic_mobile_robot/share/basic_mobile_robot/package.zsh'
[0.972s] Level 1:colcon.colcon_core.environment:create_file_with_runtime_dependencies(/home/papag/basic_ws/install/basic_mobile_robot/share/colcon-core/packages/basic_mobile_robot)
[1.025s] Level 1:colcon.colcon_core.environment:create_environment_scripts_only(basic_mobile_robot)
[1.030s] Level 1:colcon.colcon_core.environment:checking '/home/papag/basic_ws/install/basic_mobile_robot' for CMake module files
[1.031s] Level 1:colcon.colcon_core.environment:checking '/home/papag/basic_ws/install/basic_mobile_robot' for CMake config files
[1.031s] Level 1:colcon.colcon_core.shell:create_environment_hook('basic_mobile_robot', 'cmake_prefix_path')
[1.035s] INFO:colcon.colcon_core.shell:Creating environment hook '/home/papag/basic_ws/install/basic_mobile_robot/share/basic_mobile_robot/hook/cmake_prefix_path.ps1'
[1.036s] INFO:colcon.colcon_core.shell:Creating environment descriptor '/home/papag/basic_ws/install/basic_mobile_robot/share/basic_mobile_robot/hook/cmake_prefix_path.dsv'
[1.036s] INFO:colcon.colcon_core.shell:Creating environment hook '/home/papag/basic_ws/install/basic_mobile_robot/share/basic_mobile_robot/hook/cmake_prefix_path.sh'
[1.037s] Level 1:colcon.colcon_core.environment:checking '/home/papag/basic_ws/install/basic_mobile_robot/bin'
[1.038s] Level 1:colcon.colcon_core.environment:checking '/home/papag/basic_ws/install/basic_mobile_robot/lib/pkgconfig/basic_mobile_robot.pc'
[1.038s] Level 1:colcon.colcon_core.environment:checking '/home/papag/basic_ws/install/basic_mobile_robot/lib/python3.8/site-packages'
[1.038s] Level 1:colcon.colcon_core.environment:checking '/home/papag/basic_ws/install/basic_mobile_robot/bin'
[1.042s] INFO:colcon.colcon_core.shell:Creating package script '/home/papag/basic_ws/install/basic_mobile_robot/share/basic_mobile_robot/package.ps1'
[1.043s] INFO:colcon.colcon_core.shell:Creating package descriptor '/home/papag/basic_ws/install/basic_mobile_robot/share/basic_mobile_robot/package.dsv'
[1.044s] INFO:colcon.colcon_core.shell:Creating package script '/home/papag/basic_ws/install/basic_mobile_robot/share/basic_mobile_robot/package.sh'
[1.045s] INFO:colcon.colcon_core.shell:Creating package script '/home/papag/basic_ws/install/basic_mobile_robot/share/basic_mobile_robot/package.bash'
[1.046s] INFO:colcon.colcon_core.shell:Creating package script '/home/papag/basic_ws/install/basic_mobile_robot/share/basic_mobile_robot/package.zsh'
[1.046s] Level 1:colcon.colcon_core.environment:create_file_with_runtime_dependencies(/home/papag/basic_ws/install/basic_mobile_robot/share/colcon-core/packages/basic_mobile_robot)
[1.047s] DEBUG:colcon.colcon_parallel_executor.executor.parallel:closing loop
[1.048s] DEBUG:colcon.colcon_parallel_executor.executor.parallel:loop closed
[1.048s] DEBUG:colcon.colcon_parallel_executor.executor.parallel:run_until_complete finished with '0'
[1.048s] DEBUG:colcon.colcon_core.event_reactor:joining thread
[1.061s] INFO:colcon.colcon_core.plugin_system:Skipping extension 'colcon_notification.desktop_notification.terminal_notifier': Not used on non-Darwin systems
[1.061s] INFO:colcon.colcon_core.plugin_system:Skipping extension 'colcon_notification.desktop_notification.win32': Not used on non-Windows systems
[1.061s] INFO:colcon.colcon_notification.desktop_notification:Sending desktop notification using 'notify2'
[1.086s] DEBUG:colcon.colcon_core.event_reactor:joined thread
[1.089s] INFO:colcon.colcon_core.shell:Creating prefix script '/home/papag/basic_ws/install/local_setup.ps1'
[1.092s] INFO:colcon.colcon_core.shell:Creating prefix util module '/home/papag/basic_ws/install/_local_setup_util_ps1.py'
[1.095s] INFO:colcon.colcon_core.shell:Creating prefix chain script '/home/papag/basic_ws/install/setup.ps1'
[1.102s] INFO:colcon.colcon_core.shell:Creating prefix script '/home/papag/basic_ws/install/local_setup.sh'
[1.103s] INFO:colcon.colcon_core.shell:Creating prefix util module '/home/papag/basic_ws/install/_local_setup_util_sh.py'
[1.104s] INFO:colcon.colcon_core.shell:Creating prefix chain script '/home/papag/basic_ws/install/setup.sh'
[1.111s] INFO:colcon.colcon_core.shell:Creating prefix script '/home/papag/basic_ws/install/local_setup.bash'
[1.112s] INFO:colcon.colcon_core.shell:Creating prefix chain script '/home/papag/basic_ws/install/setup.bash'
[1.120s] INFO:colcon.colcon_core.shell:Creating prefix script '/home/papag/basic_ws/install/local_setup.zsh'
[1.121s] INFO:colcon.colcon_core.shell:Creating prefix chain script '/home/papag/basic_ws/install/setup.zsh'
