[0.453s] DEBUG:colcon:Command line arguments: ['/usr/bin/colcon', 'list', '-p', '--base-paths', '/home/papag/basic_ws']
[0.453s] DEBUG:colcon:Parsed command line arguments: Namespace(allow_overriding=[], base_paths=['/home/papag/basic_ws'], build_base='build', ignore_user_meta=False, log_base=None, log_level=None, main=<bound method ListVerb.main of <colcon_package_information.verb.list.ListVerb object at 0x7f491fe71490>>, metas=['./colcon.meta'], names_only=False, packages_above=None, packages_above_and_dependencies=None, packages_above_depth=None, packages_end=None, packages_ignore=None, packages_ignore_regex=None, packages_select=None, packages_select_build_failed=False, packages_select_by_dep=None, packages_select_regex=None, packages_select_test_failures=False, packages_skip=None, packages_skip_build_finished=False, packages_skip_by_dep=None, packages_skip_regex=None, packages_skip_test_passed=False, packages_skip_up_to=None, packages_start=None, packages_up_to=None, packages_up_to_regex=None, paths=None, paths_only=True, topological_graph=False, topological_graph_density=False, topological_graph_dot=False, topological_graph_dot_cluster=False, topological_graph_dot_include_skipped=False, topological_graph_legend=False, topological_order=False, verb_extension=<colcon_package_information.verb.list.ListVerb object at 0x7f491fe71490>, verb_name='list', verb_parser=<colcon_defaults.argument_parser.defaults.DefaultArgumentsDecorator object at 0x7f491fde4a60>)
[0.554s] Level 1:colcon.colcon_core.package_discovery:discover_packages(colcon_meta) check parameters
[0.554s] Level 1:colcon.colcon_core.package_discovery:discover_packages(recursive) check parameters
[0.555s] Level 1:colcon.colcon_core.package_discovery:discover_packages(ignore) check parameters
[0.555s] Level 1:colcon.colcon_core.package_discovery:discover_packages(path) check parameters
[0.555s] Level 1:colcon.colcon_core.package_discovery:discover_packages(recursive) discover
[0.555s] INFO:colcon.colcon_core.package_discovery:Crawling recursively for packages in '/home/papag/basic_ws'
[0.556s] Level 1:colcon.colcon_core.package_identification:_identify(/home/papag/basic_ws) by extensions ['ignore', 'ignore_ament_install']
[0.556s] Level 1:colcon.colcon_core.package_identification:_identify(/home/papag/basic_ws) by extension 'ignore'
[0.556s] Level 1:colcon.colcon_core.package_identification:_identify(/home/papag/basic_ws) by extension 'ignore_ament_install'
[0.556s] Level 1:colcon.colcon_core.package_identification:_identify(/home/papag/basic_ws) by extensions ['colcon_pkg']
[0.556s] Level 1:colcon.colcon_core.package_identification:_identify(/home/papag/basic_ws) by extension 'colcon_pkg'
[0.557s] Level 1:colcon.colcon_core.package_identification:_identify(/home/papag/basic_ws) by extensions ['colcon_meta']
[0.557s] Level 1:colcon.colcon_core.package_identification:_identify(/home/papag/basic_ws) by extension 'colcon_meta'
[0.557s] Level 1:colcon.colcon_core.package_identification:_identify(/home/papag/basic_ws) by extensions ['ros']
[0.557s] Level 1:colcon.colcon_core.package_identification:_identify(/home/papag/basic_ws) by extension 'ros'
[0.585s] Level 1:colcon.colcon_core.package_identification:_identify(/home/papag/basic_ws) by extensions ['cmake', 'python']
[0.585s] Level 1:colcon.colcon_core.package_identification:_identify(/home/papag/basic_ws) by extension 'cmake'
[0.585s] Level 1:colcon.colcon_core.package_identification:_identify(/home/papag/basic_ws) by extension 'python'
[0.586s] Level 1:colcon.colcon_core.package_identification:_identify(/home/papag/basic_ws) by extensions ['python_setup_py']
[0.586s] Level 1:colcon.colcon_core.package_identification:_identify(/home/papag/basic_ws) by extension 'python_setup_py'
[0.586s] Level 1:colcon.colcon_core.package_identification:_identify(/home/papag/basic_ws/build) by extensions ['ignore', 'ignore_ament_install']
[0.587s] Level 1:colcon.colcon_core.package_identification:_identify(/home/papag/basic_ws/build) by extension 'ignore'
[0.587s] Level 1:colcon.colcon_core.package_identification:_identify(/home/papag/basic_ws/build) ignored
[0.587s] Level 1:colcon.colcon_core.package_identification:_identify(/home/papag/basic_ws/install) by extensions ['ignore', 'ignore_ament_install']
[0.587s] Level 1:colcon.colcon_core.package_identification:_identify(/home/papag/basic_ws/install) by extension 'ignore'
[0.588s] Level 1:colcon.colcon_core.package_identification:_identify(/home/papag/basic_ws/install) ignored
[0.588s] Level 1:colcon.colcon_core.package_identification:_identify(/home/papag/basic_ws/log) by extensions ['ignore', 'ignore_ament_install']
[0.588s] Level 1:colcon.colcon_core.package_identification:_identify(/home/papag/basic_ws/log) by extension 'ignore'
[0.589s] Level 1:colcon.colcon_core.package_identification:_identify(/home/papag/basic_ws/log) ignored
[0.589s] Level 1:colcon.colcon_core.package_identification:_identify(/home/papag/basic_ws/src) by extensions ['ignore', 'ignore_ament_install']
[0.589s] Level 1:colcon.colcon_core.package_identification:_identify(/home/papag/basic_ws/src) by extension 'ignore'
[0.589s] Level 1:colcon.colcon_core.package_identification:_identify(/home/papag/basic_ws/src) by extension 'ignore_ament_install'
[0.590s] Level 1:colcon.colcon_core.package_identification:_identify(/home/papag/basic_ws/src) by extensions ['colcon_pkg']
[0.590s] Level 1:colcon.colcon_core.package_identification:_identify(/home/papag/basic_ws/src) by extension 'colcon_pkg'
[0.590s] Level 1:colcon.colcon_core.package_identification:_identify(/home/papag/basic_ws/src) by extensions ['colcon_meta']
[0.590s] Level 1:colcon.colcon_core.package_identification:_identify(/home/papag/basic_ws/src) by extension 'colcon_meta'
[0.590s] Level 1:colcon.colcon_core.package_identification:_identify(/home/papag/basic_ws/src) by extensions ['ros']
[0.590s] Level 1:colcon.colcon_core.package_identification:_identify(/home/papag/basic_ws/src) by extension 'ros'
[0.590s] Level 1:colcon.colcon_core.package_identification:_identify(/home/papag/basic_ws/src) by extensions ['cmake', 'python']
[0.590s] Level 1:colcon.colcon_core.package_identification:_identify(/home/papag/basic_ws/src) by extension 'cmake'
[0.590s] Level 1:colcon.colcon_core.package_identification:_identify(/home/papag/basic_ws/src) by extension 'python'
[0.591s] Level 1:colcon.colcon_core.package_identification:_identify(/home/papag/basic_ws/src) by extensions ['python_setup_py']
[0.591s] Level 1:colcon.colcon_core.package_identification:_identify(/home/papag/basic_ws/src) by extension 'python_setup_py'
[0.591s] Level 1:colcon.colcon_core.package_identification:_identify(/home/papag/basic_ws/src/basic_mobile_robot) by extensions ['ignore', 'ignore_ament_install']
[0.592s] Level 1:colcon.colcon_core.package_identification:_identify(/home/papag/basic_ws/src/basic_mobile_robot) by extension 'ignore'
[0.592s] Level 1:colcon.colcon_core.package_identification:_identify(/home/papag/basic_ws/src/basic_mobile_robot) by extension 'ignore_ament_install'
[0.592s] Level 1:colcon.colcon_core.package_identification:_identify(/home/papag/basic_ws/src/basic_mobile_robot) by extensions ['colcon_pkg']
[0.593s] Level 1:colcon.colcon_core.package_identification:_identify(/home/papag/basic_ws/src/basic_mobile_robot) by extension 'colcon_pkg'
[0.593s] Level 1:colcon.colcon_core.package_identification:_identify(/home/papag/basic_ws/src/basic_mobile_robot) by extensions ['colcon_meta']
[0.593s] Level 1:colcon.colcon_core.package_identification:_identify(/home/papag/basic_ws/src/basic_mobile_robot) by extension 'colcon_meta'
[0.593s] Level 1:colcon.colcon_core.package_identification:_identify(/home/papag/basic_ws/src/basic_mobile_robot) by extensions ['ros']
[0.593s] Level 1:colcon.colcon_core.package_identification:_identify(/home/papag/basic_ws/src/basic_mobile_robot) by extension 'ros'
[0.599s] DEBUG:colcon.colcon_core.package_identification:Package '/home/papag/basic_ws/src/basic_mobile_robot' with type 'ros.ament_cmake' and name 'basic_mobile_robot'
[0.600s] Level 1:colcon.colcon_core.package_discovery:discover_packages(recursive) using defaults
