[0.045s] Invoking command in '/home/papag/basic_ws/build/basic_mobile_robot': CMAKE_PREFIX_PATH=${CMAKE_PREFIX_PATH}:/home/papag/av_ws/install/kmou_robot_spawner_pkg:/home/papag/av_ws/install/kmou_robot_controller_pkg:/home/papag/nav2_ws/install/nav2_gazebo_spawner:/home/papag/dev_ws/install/warehouse_robot_spawner_pkg:/home/papag/dev_ws/install/warehouse_robot_controller_pkg:/opt/ros/foxy /usr/bin/cmake --build /home/papag/basic_ws/build/basic_mobile_robot -- -j4 -l4
[0.134s] Invoked command in '/home/papag/basic_ws/build/basic_mobile_robot' returned '0': CMAKE_PREFIX_PATH=${CMAKE_PREFIX_PATH}:/home/papag/av_ws/install/kmou_robot_spawner_pkg:/home/papag/av_ws/install/kmou_robot_controller_pkg:/home/papag/nav2_ws/install/nav2_gazebo_spawner:/home/papag/dev_ws/install/warehouse_robot_spawner_pkg:/home/papag/dev_ws/install/warehouse_robot_controller_pkg:/opt/ros/foxy /usr/bin/cmake --build /home/papag/basic_ws/build/basic_mobile_robot -- -j4 -l4
[0.205s] Invoking command in '/home/papag/basic_ws/build/basic_mobile_robot': CMAKE_PREFIX_PATH=${CMAKE_PREFIX_PATH}:/home/papag/av_ws/install/kmou_robot_spawner_pkg:/home/papag/av_ws/install/kmou_robot_controller_pkg:/home/papag/nav2_ws/install/nav2_gazebo_spawner:/home/papag/dev_ws/install/warehouse_robot_spawner_pkg:/home/papag/dev_ws/install/warehouse_robot_controller_pkg:/opt/ros/foxy /usr/bin/cmake --install /home/papag/basic_ws/build/basic_mobile_robot
[0.221s] -- Install configuration: ""
[0.221s] -- Up-to-date: /home/papag/basic_ws/install/basic_mobile_robot/share/basic_mobile_robot/config
[0.221s] -- Up-to-date: /home/papag/basic_ws/install/basic_mobile_robot/share/basic_mobile_robot/config/ekf_with_gps.yaml
[0.222s] -- Up-to-date: /home/papag/basic_ws/install/basic_mobile_robot/share/basic_mobile_robot/config/ekf.yaml
[0.222s] -- Up-to-date: /home/papag/basic_ws/install/basic_mobile_robot/share/basic_mobile_robot/launch
[0.222s] -- Up-to-date: /home/papag/basic_ws/install/basic_mobile_robot/share/basic_mobile_robot/launch/basic_mobile_bot_v6.launch.py
[0.222s] -- Up-to-date: /home/papag/basic_ws/install/basic_mobile_robot/share/basic_mobile_robot/launch/basic_mobile_bot_v3.launch.py
[0.222s] -- Up-to-date: /home/papag/basic_ws/install/basic_mobile_robot/share/basic_mobile_robot/launch/basic_mobile_bot_v1.launch.py
[0.222s] -- Up-to-date: /home/papag/basic_ws/install/basic_mobile_robot/share/basic_mobile_robot/launch/basic_mobile_bot_v5.launch.py
[0.222s] -- Up-to-date: /home/papag/basic_ws/install/basic_mobile_robot/share/basic_mobile_robot/launch/basic_mobile_bot_v2.launch.py
[0.222s] -- Up-to-date: /home/papag/basic_ws/install/basic_mobile_robot/share/basic_mobile_robot/launch/basic_mobile_bot_v4.launch.py
[0.223s] -- Up-to-date: /home/papag/basic_ws/install/basic_mobile_robot/share/basic_mobile_robot/maps
[0.223s] -- Up-to-date: /home/papag/basic_ws/install/basic_mobile_robot/share/basic_mobile_robot/meshes
[0.223s] -- Up-to-date: /home/papag/basic_ws/install/basic_mobile_robot/share/basic_mobile_robot/meshes/arm_base.stl
[0.223s] -- Up-to-date: /home/papag/basic_ws/install/basic_mobile_robot/share/basic_mobile_robot/meshes/robot_base.stl
[0.223s] -- Up-to-date: /home/papag/basic_ws/install/basic_mobile_robot/share/basic_mobile_robot/meshes/wrist.stl
[0.223s] -- Up-to-date: /home/papag/basic_ws/install/basic_mobile_robot/share/basic_mobile_robot/meshes/wheel.stl
[0.223s] -- Up-to-date: /home/papag/basic_ws/install/basic_mobile_robot/share/basic_mobile_robot/meshes/bicep.stl
[0.223s] -- Up-to-date: /home/papag/basic_ws/install/basic_mobile_robot/share/basic_mobile_robot/meshes/elbow.stl
[0.224s] -- Up-to-date: /home/papag/basic_ws/install/basic_mobile_robot/share/basic_mobile_robot/models
[0.224s] -- Up-to-date: /home/papag/basic_ws/install/basic_mobile_robot/share/basic_mobile_robot/models/basic_mobile_bot_v1.urdf
[0.224s] -- Up-to-date: /home/papag/basic_ws/install/basic_mobile_robot/share/basic_mobile_robot/models/basic_mobile_bot_v2.urdf
[0.224s] -- Up-to-date: /home/papag/basic_ws/install/basic_mobile_robot/share/basic_mobile_robot/models/basic_mobile_bot_description
[0.224s] -- Up-to-date: /home/papag/basic_ws/install/basic_mobile_robot/share/basic_mobile_robot/models/basic_mobile_bot_description/meshes
[0.224s] -- Up-to-date: /home/papag/basic_ws/install/basic_mobile_robot/share/basic_mobile_robot/models/basic_mobile_bot_description/meshes/arm_base.stl
[0.225s] -- Up-to-date: /home/papag/basic_ws/install/basic_mobile_robot/share/basic_mobile_robot/models/basic_mobile_bot_description/meshes/robot_base.stl
[0.225s] -- Up-to-date: /home/papag/basic_ws/install/basic_mobile_robot/share/basic_mobile_robot/models/basic_mobile_bot_description/meshes/wrist.stl
[0.225s] -- Up-to-date: /home/papag/basic_ws/install/basic_mobile_robot/share/basic_mobile_robot/models/basic_mobile_bot_description/meshes/wheel.stl
[0.225s] -- Up-to-date: /home/papag/basic_ws/install/basic_mobile_robot/share/basic_mobile_robot/models/basic_mobile_bot_description/meshes/bicep.stl
[0.225s] -- Up-to-date: /home/papag/basic_ws/install/basic_mobile_robot/share/basic_mobile_robot/models/basic_mobile_bot_description/meshes/elbow.stl
[0.225s] -- Up-to-date: /home/papag/basic_ws/install/basic_mobile_robot/share/basic_mobile_robot/models/basic_mobile_bot_description/model.sdf
[0.225s] -- Up-to-date: /home/papag/basic_ws/install/basic_mobile_robot/share/basic_mobile_robot/models/basic_mobile_bot_description/model.config
[0.228s] -- Up-to-date: /home/papag/basic_ws/install/basic_mobile_robot/share/basic_mobile_robot/models/kmou
[0.229s] -- Up-to-date: /home/papag/basic_ws/install/basic_mobile_robot/share/basic_mobile_robot/models/kmou/model.sdf
[0.230s] -- Up-to-date: /home/papag/basic_ws/install/basic_mobile_robot/share/basic_mobile_robot/models/kmou/model.config
[0.230s] -- Up-to-date: /home/papag/basic_ws/install/basic_mobile_robot/share/basic_mobile_robot/params
[0.230s] -- Up-to-date: /home/papag/basic_ws/install/basic_mobile_robot/share/basic_mobile_robot/rviz
[0.231s] -- Up-to-date: /home/papag/basic_ws/install/basic_mobile_robot/share/basic_mobile_robot/rviz/urdf_config.rviz
[0.231s] -- Up-to-date: /home/papag/basic_ws/install/basic_mobile_robot/share/basic_mobile_robot/src
[0.231s] -- Up-to-date: /home/papag/basic_ws/install/basic_mobile_robot/share/basic_mobile_robot/worlds
[0.232s] -- Up-to-date: /home/papag/basic_ws/install/basic_mobile_robot/share/basic_mobile_robot/worlds/basic_mobile_bot_world
[0.232s] -- Up-to-date: /home/papag/basic_ws/install/basic_mobile_robot/share/basic_mobile_robot/worlds/basic_mobile_bot_world/smalltown.world
[0.232s] -- Installing: /home/papag/basic_ws/install/basic_mobile_robot/share/basic_mobile_robot/worlds/basic_mobile_bot_world/kmou.world
[0.236s] -- Up-to-date: /home/papag/basic_ws/install/basic_mobile_robot/share/ament_index/resource_index/package_run_dependencies/basic_mobile_robot
[0.236s] -- Up-to-date: /home/papag/basic_ws/install/basic_mobile_robot/share/ament_index/resource_index/parent_prefix_path/basic_mobile_robot
[0.236s] -- Up-to-date: /home/papag/basic_ws/install/basic_mobile_robot/share/basic_mobile_robot/environment/ament_prefix_path.sh
[0.237s] -- Up-to-date: /home/papag/basic_ws/install/basic_mobile_robot/share/basic_mobile_robot/environment/ament_prefix_path.dsv
[0.237s] -- Up-to-date: /home/papag/basic_ws/install/basic_mobile_robot/share/basic_mobile_robot/environment/path.sh
[0.237s] -- Up-to-date: /home/papag/basic_ws/install/basic_mobile_robot/share/basic_mobile_robot/environment/path.dsv
[0.237s] -- Up-to-date: /home/papag/basic_ws/install/basic_mobile_robot/share/basic_mobile_robot/local_setup.bash
[0.237s] -- Up-to-date: /home/papag/basic_ws/install/basic_mobile_robot/share/basic_mobile_robot/local_setup.sh
[0.238s] -- Up-to-date: /home/papag/basic_ws/install/basic_mobile_robot/share/basic_mobile_robot/local_setup.zsh
[0.238s] -- Up-to-date: /home/papag/basic_ws/install/basic_mobile_robot/share/basic_mobile_robot/local_setup.dsv
[0.238s] -- Installing: /home/papag/basic_ws/install/basic_mobile_robot/share/basic_mobile_robot/package.dsv
[0.238s] -- Up-to-date: /home/papag/basic_ws/install/basic_mobile_robot/share/ament_index/resource_index/packages/basic_mobile_robot
[0.238s] -- Up-to-date: /home/papag/basic_ws/install/basic_mobile_robot/share/basic_mobile_robot/cmake/basic_mobile_robotConfig.cmake
[0.238s] -- Up-to-date: /home/papag/basic_ws/install/basic_mobile_robot/share/basic_mobile_robot/cmake/basic_mobile_robotConfig-version.cmake
[0.240s] -- Up-to-date: /home/papag/basic_ws/install/basic_mobile_robot/share/basic_mobile_robot/package.xml
[0.240s] Invoked command in '/home/papag/basic_ws/build/basic_mobile_robot' returned '0': CMAKE_PREFIX_PATH=${CMAKE_PREFIX_PATH}:/home/papag/av_ws/install/kmou_robot_spawner_pkg:/home/papag/av_ws/install/kmou_robot_controller_pkg:/home/papag/nav2_ws/install/nav2_gazebo_spawner:/home/papag/dev_ws/install/warehouse_robot_spawner_pkg:/home/papag/dev_ws/install/warehouse_robot_controller_pkg:/opt/ros/foxy /usr/bin/cmake --install /home/papag/basic_ws/build/basic_mobile_robot
